# Logfile created on 2014-03-16 23:28:04 -0700 by logger.rb/36483
D, [2014-03-16T23:28:04.950151 #20241] DEBUG -- : REQUESTING PAGE: GET / with {} and HTTP headers {}
D, [2014-03-16T23:28:33.342005 #20251] DEBUG -- : REQUESTING PAGE: GET / with {} and HTTP headers {}
D, [2014-03-16T23:28:41.204063 #20256] DEBUG -- : REQUESTING PAGE: GET / with {} and HTTP headers {}
D, [2014-03-16T23:28:49.977412 #20261] DEBUG -- : REQUESTING PAGE: GET / with {} and HTTP headers {}
D, [2014-03-16T23:28:55.717826 #20266] DEBUG -- : REQUESTING PAGE: GET / with {} and HTTP headers {}
D, [2014-03-16T23:29:11.813759 #20274] DEBUG -- : REQUESTING PAGE: GET / with {} and HTTP headers {}
D, [2014-03-16T23:29:11.820090 #20274] DEBUG -- : REQUESTING PAGE: GET /about with {} and HTTP headers {"HTTP_REFERER"=>"/"}
D, [2014-03-16T23:29:56.913106 #20291] DEBUG -- : REQUESTING PAGE: GET / with {} and HTTP headers {}
D, [2014-03-16T23:29:56.920520 #20291] DEBUG -- : REQUESTING PAGE: GET /about with {} and HTTP headers {"HTTP_REFERER"=>"/"}
D, [2014-03-16T23:29:58.467007 #20292] DEBUG -- : REQUESTING PAGE: GET / with {} and HTTP headers {}
D, [2014-03-16T23:29:58.472438 #20292] DEBUG -- : REQUESTING PAGE: GET /about with {} and HTTP headers {"HTTP_REFERER"=>"/"}
D, [2014-03-16T23:31:13.056670 #20300] DEBUG -- : REQUESTING PAGE: GET / with {} and HTTP headers {}
D, [2014-03-16T23:31:13.063682 #20300] DEBUG -- : REQUESTING PAGE: GET /about with {} and HTTP headers {"HTTP_REFERER"=>"/"}
D, [2014-03-16T23:31:13.069678 #20300] DEBUG -- : REQUESTING PAGE: GET /contact with {} and HTTP headers {"HTTP_REFERER"=>"/about"}
D, [2014-03-16T23:31:13.075466 #20300] DEBUG -- : REQUESTING PAGE: GET / with {} and HTTP headers {"HTTP_REFERER"=>"/contact"}
D, [2014-03-16T23:31:16.859105 #20305] DEBUG -- : REQUESTING PAGE: GET / with {} and HTTP headers {}
D, [2014-03-16T23:31:16.865114 #20305] DEBUG -- : REQUESTING PAGE: GET /about with {} and HTTP headers {"HTTP_REFERER"=>"/"}
D, [2014-03-16T23:31:16.872407 #20305] DEBUG -- : REQUESTING PAGE: GET /contact with {} and HTTP headers {"HTTP_REFERER"=>"/about"}
D, [2014-03-16T23:31:16.878994 #20305] DEBUG -- : REQUESTING PAGE: GET / with {} and HTTP headers {"HTTP_REFERER"=>"/contact"}
D, [2014-03-16T23:31:50.415380 #20310] DEBUG -- : REQUESTING PAGE: GET / with {} and HTTP headers {}
D, [2014-03-16T23:31:50.421767 #20310] DEBUG -- : REQUESTING PAGE: GET /about with {} and HTTP headers {"HTTP_REFERER"=>"/"}
D, [2014-03-16T23:31:50.433852 #20310] DEBUG -- : REQUESTING PAGE: GET /contact with {} and HTTP headers {"HTTP_REFERER"=>"/about"}
D, [2014-03-16T23:31:50.445333 #20310] DEBUG -- : REQUESTING PAGE: GET / with {} and HTTP headers {"HTTP_REFERER"=>"/contact"}
D, [2014-03-16T23:31:50.484159 #20310] DEBUG -- : REQUESTING PAGE: GET //signup_path with {} and HTTP headers {"HTTP_REFERER"=>"/"}
D, [2014-03-16T23:31:52.146740 #20313] DEBUG -- : REQUESTING PAGE: GET / with {} and HTTP headers {}
D, [2014-03-16T23:31:52.153409 #20313] DEBUG -- : REQUESTING PAGE: GET /about with {} and HTTP headers {"HTTP_REFERER"=>"/"}
D, [2014-03-16T23:31:52.159222 #20313] DEBUG -- : REQUESTING PAGE: GET /contact with {} and HTTP headers {"HTTP_REFERER"=>"/about"}
D, [2014-03-16T23:31:52.164569 #20313] DEBUG -- : REQUESTING PAGE: GET / with {} and HTTP headers {"HTTP_REFERER"=>"/contact"}
D, [2014-03-16T23:31:52.194626 #20313] DEBUG -- : REQUESTING PAGE: GET //signup_path with {} and HTTP headers {"HTTP_REFERER"=>"/"}
D, [2014-03-16T23:31:53.766158 #20314] DEBUG -- : REQUESTING PAGE: GET / with {} and HTTP headers {}
D, [2014-03-16T23:31:53.772429 #20314] DEBUG -- : REQUESTING PAGE: GET /about with {} and HTTP headers {"HTTP_REFERER"=>"/"}
D, [2014-03-16T23:31:53.778665 #20314] DEBUG -- : REQUESTING PAGE: GET /contact with {} and HTTP headers {"HTTP_REFERER"=>"/about"}
D, [2014-03-16T23:31:53.784211 #20314] DEBUG -- : REQUESTING PAGE: GET / with {} and HTTP headers {"HTTP_REFERER"=>"/contact"}
D, [2014-03-16T23:31:53.815100 #20314] DEBUG -- : REQUESTING PAGE: GET //signup_path with {} and HTTP headers {"HTTP_REFERER"=>"/"}
D, [2014-03-16T23:31:55.369700 #20315] DEBUG -- : REQUESTING PAGE: GET / with {} and HTTP headers {}
D, [2014-03-16T23:31:55.375052 #20315] DEBUG -- : REQUESTING PAGE: GET /about with {} and HTTP headers {"HTTP_REFERER"=>"/"}
D, [2014-03-16T23:31:55.381555 #20315] DEBUG -- : REQUESTING PAGE: GET /contact with {} and HTTP headers {"HTTP_REFERER"=>"/about"}
D, [2014-03-16T23:31:55.386855 #20315] DEBUG -- : REQUESTING PAGE: GET / with {} and HTTP headers {"HTTP_REFERER"=>"/contact"}
D, [2014-03-16T23:31:55.417423 #20315] DEBUG -- : REQUESTING PAGE: GET //signup_path with {} and HTTP headers {"HTTP_REFERER"=>"/"}
D, [2014-03-16T23:31:56.998047 #20318] DEBUG -- : REQUESTING PAGE: GET / with {} and HTTP headers {}
D, [2014-03-16T23:31:57.004391 #20318] DEBUG -- : REQUESTING PAGE: GET /about with {} and HTTP headers {"HTTP_REFERER"=>"/"}
D, [2014-03-16T23:31:57.010132 #20318] DEBUG -- : REQUESTING PAGE: GET /contact with {} and HTTP headers {"HTTP_REFERER"=>"/about"}
D, [2014-03-16T23:31:57.017246 #20318] DEBUG -- : REQUESTING PAGE: GET / with {} and HTTP headers {"HTTP_REFERER"=>"/contact"}
D, [2014-03-16T23:31:57.051322 #20318] DEBUG -- : REQUESTING PAGE: GET //signup_path with {} and HTTP headers {"HTTP_REFERER"=>"/"}
D, [2014-03-16T23:31:58.706589 #20319] DEBUG -- : REQUESTING PAGE: GET / with {} and HTTP headers {}
D, [2014-03-16T23:31:58.712061 #20319] DEBUG -- : REQUESTING PAGE: GET /about with {} and HTTP headers {"HTTP_REFERER"=>"/"}
D, [2014-03-16T23:31:58.717617 #20319] DEBUG -- : REQUESTING PAGE: GET /contact with {} and HTTP headers {"HTTP_REFERER"=>"/about"}
D, [2014-03-16T23:31:58.722731 #20319] DEBUG -- : REQUESTING PAGE: GET / with {} and HTTP headers {"HTTP_REFERER"=>"/contact"}
D, [2014-03-16T23:31:58.752856 #20319] DEBUG -- : REQUESTING PAGE: GET //signup_path with {} and HTTP headers {"HTTP_REFERER"=>"/"}
D, [2014-03-16T23:32:00.391414 #20320] DEBUG -- : REQUESTING PAGE: GET / with {} and HTTP headers {}
D, [2014-03-16T23:32:00.398212 #20320] DEBUG -- : REQUESTING PAGE: GET /about with {} and HTTP headers {"HTTP_REFERER"=>"/"}
D, [2014-03-16T23:32:00.405414 #20320] DEBUG -- : REQUESTING PAGE: GET /contact with {} and HTTP headers {"HTTP_REFERER"=>"/about"}
D, [2014-03-16T23:32:00.411981 #20320] DEBUG -- : REQUESTING PAGE: GET / with {} and HTTP headers {"HTTP_REFERER"=>"/contact"}
D, [2014-03-16T23:32:00.444109 #20320] DEBUG -- : REQUESTING PAGE: GET //signup_path with {} and HTTP headers {"HTTP_REFERER"=>"/"}
D, [2014-03-16T23:32:02.085214 #20321] DEBUG -- : REQUESTING PAGE: GET / with {} and HTTP headers {}
D, [2014-03-16T23:32:02.090609 #20321] DEBUG -- : REQUESTING PAGE: GET /about with {} and HTTP headers {"HTTP_REFERER"=>"/"}
D, [2014-03-16T23:32:02.096966 #20321] DEBUG -- : REQUESTING PAGE: GET /contact with {} and HTTP headers {"HTTP_REFERER"=>"/about"}
D, [2014-03-16T23:32:02.103368 #20321] DEBUG -- : REQUESTING PAGE: GET / with {} and HTTP headers {"HTTP_REFERER"=>"/contact"}
D, [2014-03-16T23:32:02.133227 #20321] DEBUG -- : REQUESTING PAGE: GET //signup_path with {} and HTTP headers {"HTTP_REFERER"=>"/"}
D, [2014-03-16T23:32:03.632291 #20322] DEBUG -- : REQUESTING PAGE: GET / with {} and HTTP headers {}
D, [2014-03-16T23:32:03.639998 #20322] DEBUG -- : REQUESTING PAGE: GET /about with {} and HTTP headers {"HTTP_REFERER"=>"/"}
D, [2014-03-16T23:32:03.645845 #20322] DEBUG -- : REQUESTING PAGE: GET /contact with {} and HTTP headers {"HTTP_REFERER"=>"/about"}
D, [2014-03-16T23:32:03.651066 #20322] DEBUG -- : REQUESTING PAGE: GET / with {} and HTTP headers {"HTTP_REFERER"=>"/contact"}
D, [2014-03-16T23:32:03.682079 #20322] DEBUG -- : REQUESTING PAGE: GET //signup_path with {} and HTTP headers {"HTTP_REFERER"=>"/"}
D, [2014-03-16T23:32:05.165783 #20323] DEBUG -- : REQUESTING PAGE: GET / with {} and HTTP headers {}
D, [2014-03-16T23:32:05.171722 #20323] DEBUG -- : REQUESTING PAGE: GET /about with {} and HTTP headers {"HTTP_REFERER"=>"/"}
D, [2014-03-16T23:32:05.178034 #20323] DEBUG -- : REQUESTING PAGE: GET /contact with {} and HTTP headers {"HTTP_REFERER"=>"/about"}
D, [2014-03-16T23:32:05.183261 #20323] DEBUG -- : REQUESTING PAGE: GET / with {} and HTTP headers {"HTTP_REFERER"=>"/contact"}
D, [2014-03-16T23:32:05.212784 #20323] DEBUG -- : REQUESTING PAGE: GET //signup_path with {} and HTTP headers {"HTTP_REFERER"=>"/"}
D, [2014-03-16T23:32:06.691065 #20324] DEBUG -- : REQUESTING PAGE: GET / with {} and HTTP headers {}
D, [2014-03-16T23:32:06.698079 #20324] DEBUG -- : REQUESTING PAGE: GET /about with {} and HTTP headers {"HTTP_REFERER"=>"/"}
D, [2014-03-16T23:32:06.703749 #20324] DEBUG -- : REQUESTING PAGE: GET /contact with {} and HTTP headers {"HTTP_REFERER"=>"/about"}
D, [2014-03-16T23:32:06.708873 #20324] DEBUG -- : REQUESTING PAGE: GET / with {} and HTTP headers {"HTTP_REFERER"=>"/contact"}
D, [2014-03-16T23:32:06.738776 #20324] DEBUG -- : REQUESTING PAGE: GET //signup_path with {} and HTTP headers {"HTTP_REFERER"=>"/"}
D, [2014-03-16T23:32:08.226338 #20325] DEBUG -- : REQUESTING PAGE: GET / with {} and HTTP headers {}
D, [2014-03-16T23:32:08.233042 #20325] DEBUG -- : REQUESTING PAGE: GET /about with {} and HTTP headers {"HTTP_REFERER"=>"/"}
D, [2014-03-16T23:32:08.239548 #20325] DEBUG -- : REQUESTING PAGE: GET /contact with {} and HTTP headers {"HTTP_REFERER"=>"/about"}
D, [2014-03-16T23:32:08.244809 #20325] DEBUG -- : REQUESTING PAGE: GET / with {} and HTTP headers {"HTTP_REFERER"=>"/contact"}
D, [2014-03-16T23:32:08.274415 #20325] DEBUG -- : REQUESTING PAGE: GET //signup_path with {} and HTTP headers {"HTTP_REFERER"=>"/"}
D, [2014-03-16T23:32:09.785624 #20326] DEBUG -- : REQUESTING PAGE: GET / with {} and HTTP headers {}
D, [2014-03-16T23:32:09.791651 #20326] DEBUG -- : REQUESTING PAGE: GET /about with {} and HTTP headers {"HTTP_REFERER"=>"/"}
D, [2014-03-16T23:32:09.797308 #20326] DEBUG -- : REQUESTING PAGE: GET /contact with {} and HTTP headers {"HTTP_REFERER"=>"/about"}
D, [2014-03-16T23:32:09.802903 #20326] DEBUG -- : REQUESTING PAGE: GET / with {} and HTTP headers {"HTTP_REFERER"=>"/contact"}
D, [2014-03-16T23:32:09.833754 #20326] DEBUG -- : REQUESTING PAGE: GET //signup_path with {} and HTTP headers {"HTTP_REFERER"=>"/"}
D, [2014-03-16T23:32:11.383643 #20327] DEBUG -- : REQUESTING PAGE: GET / with {} and HTTP headers {}
D, [2014-03-16T23:32:11.389474 #20327] DEBUG -- : REQUESTING PAGE: GET /about with {} and HTTP headers {"HTTP_REFERER"=>"/"}
D, [2014-03-16T23:32:11.395117 #20327] DEBUG -- : REQUESTING PAGE: GET /contact with {} and HTTP headers {"HTTP_REFERER"=>"/about"}
D, [2014-03-16T23:32:11.400634 #20327] DEBUG -- : REQUESTING PAGE: GET / with {} and HTTP headers {"HTTP_REFERER"=>"/contact"}
D, [2014-03-16T23:32:11.430726 #20327] DEBUG -- : REQUESTING PAGE: GET //signup_path with {} and HTTP headers {"HTTP_REFERER"=>"/"}
D, [2014-03-16T23:32:12.978563 #20328] DEBUG -- : REQUESTING PAGE: GET / with {} and HTTP headers {}
D, [2014-03-16T23:32:12.984117 #20328] DEBUG -- : REQUESTING PAGE: GET /about with {} and HTTP headers {"HTTP_REFERER"=>"/"}
D, [2014-03-16T23:32:12.989764 #20328] DEBUG -- : REQUESTING PAGE: GET /contact with {} and HTTP headers {"HTTP_REFERER"=>"/about"}
D, [2014-03-16T23:32:12.995176 #20328] DEBUG -- : REQUESTING PAGE: GET / with {} and HTTP headers {"HTTP_REFERER"=>"/contact"}
D, [2014-03-16T23:32:13.024582 #20328] DEBUG -- : REQUESTING PAGE: GET //signup_path with {} and HTTP headers {"HTTP_REFERER"=>"/"}
D, [2014-03-16T23:32:14.580223 #20329] DEBUG -- : REQUESTING PAGE: GET / with {} and HTTP headers {}
D, [2014-03-16T23:32:14.586955 #20329] DEBUG -- : REQUESTING PAGE: GET /about with {} and HTTP headers {"HTTP_REFERER"=>"/"}
D, [2014-03-16T23:32:14.592445 #20329] DEBUG -- : REQUESTING PAGE: GET /contact with {} and HTTP headers {"HTTP_REFERER"=>"/about"}
D, [2014-03-16T23:32:14.597774 #20329] DEBUG -- : REQUESTING PAGE: GET / with {} and HTTP headers {"HTTP_REFERER"=>"/contact"}
D, [2014-03-16T23:32:14.628982 #20329] DEBUG -- : REQUESTING PAGE: GET //signup_path with {} and HTTP headers {"HTTP_REFERER"=>"/"}
D, [2014-03-16T23:32:16.153175 #20330] DEBUG -- : REQUESTING PAGE: GET / with {} and HTTP headers {}
D, [2014-03-16T23:32:16.159368 #20330] DEBUG -- : REQUESTING PAGE: GET /about with {} and HTTP headers {"HTTP_REFERER"=>"/"}
D, [2014-03-16T23:32:16.164870 #20330] DEBUG -- : REQUESTING PAGE: GET /contact with {} and HTTP headers {"HTTP_REFERER"=>"/about"}
D, [2014-03-16T23:32:16.170139 #20330] DEBUG -- : REQUESTING PAGE: GET / with {} and HTTP headers {"HTTP_REFERER"=>"/contact"}
D, [2014-03-16T23:32:16.198961 #20330] DEBUG -- : REQUESTING PAGE: GET //signup_path with {} and HTTP headers {"HTTP_REFERER"=>"/"}
D, [2014-03-16T23:32:17.809237 #20333] DEBUG -- : REQUESTING PAGE: GET / with {} and HTTP headers {}
D, [2014-03-16T23:32:17.815502 #20333] DEBUG -- : REQUESTING PAGE: GET /about with {} and HTTP headers {"HTTP_REFERER"=>"/"}
D, [2014-03-16T23:32:17.821835 #20333] DEBUG -- : REQUESTING PAGE: GET /contact with {} and HTTP headers {"HTTP_REFERER"=>"/about"}
D, [2014-03-16T23:32:17.828679 #20333] DEBUG -- : REQUESTING PAGE: GET / with {} and HTTP headers {"HTTP_REFERER"=>"/contact"}
D, [2014-03-16T23:32:17.859650 #20333] DEBUG -- : REQUESTING PAGE: GET //signup_path with {} and HTTP headers {"HTTP_REFERER"=>"/"}
D, [2014-03-16T23:32:19.486336 #20334] DEBUG -- : REQUESTING PAGE: GET / with {} and HTTP headers {}
D, [2014-03-16T23:32:19.491706 #20334] DEBUG -- : REQUESTING PAGE: GET /about with {} and HTTP headers {"HTTP_REFERER"=>"/"}
D, [2014-03-16T23:32:19.498426 #20334] DEBUG -- : REQUESTING PAGE: GET /contact with {} and HTTP headers {"HTTP_REFERER"=>"/about"}
D, [2014-03-16T23:32:19.504027 #20334] DEBUG -- : REQUESTING PAGE: GET / with {} and HTTP headers {"HTTP_REFERER"=>"/contact"}
D, [2014-03-16T23:32:19.534391 #20334] DEBUG -- : REQUESTING PAGE: GET //signup_path with {} and HTTP headers {"HTTP_REFERER"=>"/"}
D, [2014-03-16T23:32:21.228097 #20335] DEBUG -- : REQUESTING PAGE: GET / with {} and HTTP headers {}
D, [2014-03-16T23:32:21.234329 #20335] DEBUG -- : REQUESTING PAGE: GET /about with {} and HTTP headers {"HTTP_REFERER"=>"/"}
D, [2014-03-16T23:32:21.242235 #20335] DEBUG -- : REQUESTING PAGE: GET /contact with {} and HTTP headers {"HTTP_REFERER"=>"/about"}
D, [2014-03-16T23:32:21.248435 #20335] DEBUG -- : REQUESTING PAGE: GET / with {} and HTTP headers {"HTTP_REFERER"=>"/contact"}
D, [2014-03-16T23:32:21.282649 #20335] DEBUG -- : REQUESTING PAGE: GET //signup_path with {} and HTTP headers {"HTTP_REFERER"=>"/"}
D, [2014-03-16T23:32:22.902944 #20338] DEBUG -- : REQUESTING PAGE: GET / with {} and HTTP headers {}
D, [2014-03-16T23:32:22.909867 #20338] DEBUG -- : REQUESTING PAGE: GET /about with {} and HTTP headers {"HTTP_REFERER"=>"/"}
D, [2014-03-16T23:32:22.916293 #20338] DEBUG -- : REQUESTING PAGE: GET /contact with {} and HTTP headers {"HTTP_REFERER"=>"/about"}
D, [2014-03-16T23:32:22.924558 #20338] DEBUG -- : REQUESTING PAGE: GET / with {} and HTTP headers {"HTTP_REFERER"=>"/contact"}
D, [2014-03-16T23:32:22.955737 #20338] DEBUG -- : REQUESTING PAGE: GET //signup_path with {} and HTTP headers {"HTTP_REFERER"=>"/"}
D, [2014-03-16T23:32:24.520340 #20339] DEBUG -- : REQUESTING PAGE: GET / with {} and HTTP headers {}
D, [2014-03-16T23:32:24.526528 #20339] DEBUG -- : REQUESTING PAGE: GET /about with {} and HTTP headers {"HTTP_REFERER"=>"/"}
D, [2014-03-16T23:32:24.532888 #20339] DEBUG -- : REQUESTING PAGE: GET /contact with {} and HTTP headers {"HTTP_REFERER"=>"/about"}
D, [2014-03-16T23:32:24.538052 #20339] DEBUG -- : REQUESTING PAGE: GET / with {} and HTTP headers {"HTTP_REFERER"=>"/contact"}
D, [2014-03-16T23:32:24.568462 #20339] DEBUG -- : REQUESTING PAGE: GET //signup_path with {} and HTTP headers {"HTTP_REFERER"=>"/"}
D, [2014-03-16T23:32:26.345903 #20342] DEBUG -- : REQUESTING PAGE: GET / with {} and HTTP headers {}
D, [2014-03-16T23:32:26.352941 #20342] DEBUG -- : REQUESTING PAGE: GET /about with {} and HTTP headers {"HTTP_REFERER"=>"/"}
D, [2014-03-16T23:32:26.361720 #20342] DEBUG -- : REQUESTING PAGE: GET /contact with {} and HTTP headers {"HTTP_REFERER"=>"/about"}
D, [2014-03-16T23:32:26.371579 #20342] DEBUG -- : REQUESTING PAGE: GET / with {} and HTTP headers {"HTTP_REFERER"=>"/contact"}
D, [2014-03-16T23:32:26.412175 #20342] DEBUG -- : REQUESTING PAGE: GET //signup_path with {} and HTTP headers {"HTTP_REFERER"=>"/"}
D, [2014-03-16T23:32:28.076675 #20345] DEBUG -- : REQUESTING PAGE: GET / with {} and HTTP headers {}
D, [2014-03-16T23:32:28.082971 #20345] DEBUG -- : REQUESTING PAGE: GET /about with {} and HTTP headers {"HTTP_REFERER"=>"/"}
D, [2014-03-16T23:32:28.089278 #20345] DEBUG -- : REQUESTING PAGE: GET /contact with {} and HTTP headers {"HTTP_REFERER"=>"/about"}
D, [2014-03-16T23:32:28.094848 #20345] DEBUG -- : REQUESTING PAGE: GET / with {} and HTTP headers {"HTTP_REFERER"=>"/contact"}
D, [2014-03-16T23:32:28.125430 #20345] DEBUG -- : REQUESTING PAGE: GET //signup_path with {} and HTTP headers {"HTTP_REFERER"=>"/"}
D, [2014-03-16T23:32:29.695333 #20348] DEBUG -- : REQUESTING PAGE: GET / with {} and HTTP headers {}
D, [2014-03-16T23:32:29.700850 #20348] DEBUG -- : REQUESTING PAGE: GET /about with {} and HTTP headers {"HTTP_REFERER"=>"/"}
D, [2014-03-16T23:32:29.706146 #20348] DEBUG -- : REQUESTING PAGE: GET /contact with {} and HTTP headers {"HTTP_REFERER"=>"/about"}
D, [2014-03-16T23:32:29.711328 #20348] DEBUG -- : REQUESTING PAGE: GET / with {} and HTTP headers {"HTTP_REFERER"=>"/contact"}
D, [2014-03-16T23:32:29.741922 #20348] DEBUG -- : REQUESTING PAGE: GET //signup_path with {} and HTTP headers {"HTTP_REFERER"=>"/"}
D, [2014-03-16T23:32:31.270907 #20349] DEBUG -- : REQUESTING PAGE: GET / with {} and HTTP headers {}
D, [2014-03-16T23:32:31.276479 #20349] DEBUG -- : REQUESTING PAGE: GET /about with {} and HTTP headers {"HTTP_REFERER"=>"/"}
D, [2014-03-16T23:32:31.284101 #20349] DEBUG -- : REQUESTING PAGE: GET /contact with {} and HTTP headers {"HTTP_REFERER"=>"/about"}
D, [2014-03-16T23:32:31.289661 #20349] DEBUG -- : REQUESTING PAGE: GET / with {} and HTTP headers {"HTTP_REFERER"=>"/contact"}
D, [2014-03-16T23:32:31.319510 #20349] DEBUG -- : REQUESTING PAGE: GET //signup_path with {} and HTTP headers {"HTTP_REFERER"=>"/"}
D, [2014-03-16T23:32:32.899037 #20350] DEBUG -- : REQUESTING PAGE: GET / with {} and HTTP headers {}
D, [2014-03-16T23:32:32.909715 #20350] DEBUG -- : REQUESTING PAGE: GET /about with {} and HTTP headers {"HTTP_REFERER"=>"/"}
D, [2014-03-16T23:32:32.916162 #20350] DEBUG -- : REQUESTING PAGE: GET /contact with {} and HTTP headers {"HTTP_REFERER"=>"/about"}
D, [2014-03-16T23:32:32.923466 #20350] DEBUG -- : REQUESTING PAGE: GET / with {} and HTTP headers {"HTTP_REFERER"=>"/contact"}
D, [2014-03-16T23:32:32.965831 #20350] DEBUG -- : REQUESTING PAGE: GET //signup_path with {} and HTTP headers {"HTTP_REFERER"=>"/"}
D, [2014-03-16T23:32:34.563471 #20353] DEBUG -- : REQUESTING PAGE: GET / with {} and HTTP headers {}
D, [2014-03-16T23:32:34.569520 #20353] DEBUG -- : REQUESTING PAGE: GET /about with {} and HTTP headers {"HTTP_REFERER"=>"/"}
D, [2014-03-16T23:32:34.576110 #20353] DEBUG -- : REQUESTING PAGE: GET /contact with {} and HTTP headers {"HTTP_REFERER"=>"/about"}
D, [2014-03-16T23:32:34.581925 #20353] DEBUG -- : REQUESTING PAGE: GET / with {} and HTTP headers {"HTTP_REFERER"=>"/contact"}
D, [2014-03-16T23:32:34.618522 #20353] DEBUG -- : REQUESTING PAGE: GET //signup_path with {} and HTTP headers {"HTTP_REFERER"=>"/"}
D, [2014-03-16T23:32:36.263970 #20355] DEBUG -- : REQUESTING PAGE: GET / with {} and HTTP headers {}
D, [2014-03-16T23:32:36.269921 #20355] DEBUG -- : REQUESTING PAGE: GET /about with {} and HTTP headers {"HTTP_REFERER"=>"/"}
D, [2014-03-16T23:32:36.275661 #20355] DEBUG -- : REQUESTING PAGE: GET /contact with {} and HTTP headers {"HTTP_REFERER"=>"/about"}
D, [2014-03-16T23:32:36.280996 #20355] DEBUG -- : REQUESTING PAGE: GET / with {} and HTTP headers {"HTTP_REFERER"=>"/contact"}
D, [2014-03-16T23:32:36.311182 #20355] DEBUG -- : REQUESTING PAGE: GET //signup_path with {} and HTTP headers {"HTTP_REFERER"=>"/"}
D, [2014-03-16T23:32:37.888486 #20358] DEBUG -- : REQUESTING PAGE: GET / with {} and HTTP headers {}
D, [2014-03-16T23:32:37.894265 #20358] DEBUG -- : REQUESTING PAGE: GET /about with {} and HTTP headers {"HTTP_REFERER"=>"/"}
D, [2014-03-16T23:32:37.900161 #20358] DEBUG -- : REQUESTING PAGE: GET /contact with {} and HTTP headers {"HTTP_REFERER"=>"/about"}
D, [2014-03-16T23:32:37.905770 #20358] DEBUG -- : REQUESTING PAGE: GET / with {} and HTTP headers {"HTTP_REFERER"=>"/contact"}
D, [2014-03-16T23:32:37.937224 #20358] DEBUG -- : REQUESTING PAGE: GET //signup_path with {} and HTTP headers {"HTTP_REFERER"=>"/"}
D, [2014-03-16T23:32:39.490319 #20359] DEBUG -- : REQUESTING PAGE: GET / with {} and HTTP headers {}
D, [2014-03-16T23:32:39.496471 #20359] DEBUG -- : REQUESTING PAGE: GET /about with {} and HTTP headers {"HTTP_REFERER"=>"/"}
D, [2014-03-16T23:32:39.503154 #20359] DEBUG -- : REQUESTING PAGE: GET /contact with {} and HTTP headers {"HTTP_REFERER"=>"/about"}
D, [2014-03-16T23:32:39.509728 #20359] DEBUG -- : REQUESTING PAGE: GET / with {} and HTTP headers {"HTTP_REFERER"=>"/contact"}
D, [2014-03-16T23:32:39.541421 #20359] DEBUG -- : REQUESTING PAGE: GET //signup_path with {} and HTTP headers {"HTTP_REFERER"=>"/"}
D, [2014-03-16T23:32:41.113478 #20362] DEBUG -- : REQUESTING PAGE: GET / with {} and HTTP headers {}
D, [2014-03-16T23:32:41.119494 #20362] DEBUG -- : REQUESTING PAGE: GET /about with {} and HTTP headers {"HTTP_REFERER"=>"/"}
D, [2014-03-16T23:32:41.125792 #20362] DEBUG -- : REQUESTING PAGE: GET /contact with {} and HTTP headers {"HTTP_REFERER"=>"/about"}
D, [2014-03-16T23:32:41.130939 #20362] DEBUG -- : REQUESTING PAGE: GET / with {} and HTTP headers {"HTTP_REFERER"=>"/contact"}
D, [2014-03-16T23:32:41.160089 #20362] DEBUG -- : REQUESTING PAGE: GET //signup_path with {} and HTTP headers {"HTTP_REFERER"=>"/"}
D, [2014-03-16T23:32:42.728440 #20363] DEBUG -- : REQUESTING PAGE: GET / with {} and HTTP headers {}
D, [2014-03-16T23:32:42.733910 #20363] DEBUG -- : REQUESTING PAGE: GET /about with {} and HTTP headers {"HTTP_REFERER"=>"/"}
D, [2014-03-16T23:32:42.739205 #20363] DEBUG -- : REQUESTING PAGE: GET /contact with {} and HTTP headers {"HTTP_REFERER"=>"/about"}
D, [2014-03-16T23:32:42.744426 #20363] DEBUG -- : REQUESTING PAGE: GET / with {} and HTTP headers {"HTTP_REFERER"=>"/contact"}
D, [2014-03-16T23:32:42.773051 #20363] DEBUG -- : REQUESTING PAGE: GET //signup_path with {} and HTTP headers {"HTTP_REFERER"=>"/"}
D, [2014-03-16T23:32:44.409321 #20364] DEBUG -- : REQUESTING PAGE: GET / with {} and HTTP headers {}
D, [2014-03-16T23:32:44.419719 #20364] DEBUG -- : REQUESTING PAGE: GET /about with {} and HTTP headers {"HTTP_REFERER"=>"/"}
D, [2014-03-16T23:32:44.427650 #20364] DEBUG -- : REQUESTING PAGE: GET /contact with {} and HTTP headers {"HTTP_REFERER"=>"/about"}
D, [2014-03-16T23:32:44.435631 #20364] DEBUG -- : REQUESTING PAGE: GET / with {} and HTTP headers {"HTTP_REFERER"=>"/contact"}
D, [2014-03-16T23:32:44.471079 #20364] DEBUG -- : REQUESTING PAGE: GET //signup_path with {} and HTTP headers {"HTTP_REFERER"=>"/"}
D, [2014-03-16T23:32:46.125956 #20365] DEBUG -- : REQUESTING PAGE: GET / with {} and HTTP headers {}
D, [2014-03-16T23:32:46.131955 #20365] DEBUG -- : REQUESTING PAGE: GET /about with {} and HTTP headers {"HTTP_REFERER"=>"/"}
D, [2014-03-16T23:32:46.138146 #20365] DEBUG -- : REQUESTING PAGE: GET /contact with {} and HTTP headers {"HTTP_REFERER"=>"/about"}
D, [2014-03-16T23:32:46.144113 #20365] DEBUG -- : REQUESTING PAGE: GET / with {} and HTTP headers {"HTTP_REFERER"=>"/contact"}
D, [2014-03-16T23:32:46.175398 #20365] DEBUG -- : REQUESTING PAGE: GET //signup_path with {} and HTTP headers {"HTTP_REFERER"=>"/"}
D, [2014-03-16T23:32:47.883625 #20366] DEBUG -- : REQUESTING PAGE: GET / with {} and HTTP headers {}
D, [2014-03-16T23:32:47.889975 #20366] DEBUG -- : REQUESTING PAGE: GET /about with {} and HTTP headers {"HTTP_REFERER"=>"/"}
D, [2014-03-16T23:32:47.896461 #20366] DEBUG -- : REQUESTING PAGE: GET /contact with {} and HTTP headers {"HTTP_REFERER"=>"/about"}
D, [2014-03-16T23:32:47.902724 #20366] DEBUG -- : REQUESTING PAGE: GET / with {} and HTTP headers {"HTTP_REFERER"=>"/contact"}
D, [2014-03-16T23:32:47.935175 #20366] DEBUG -- : REQUESTING PAGE: GET //signup_path with {} and HTTP headers {"HTTP_REFERER"=>"/"}
D, [2014-03-16T23:32:49.756573 #20367] DEBUG -- : REQUESTING PAGE: GET / with {} and HTTP headers {}
D, [2014-03-16T23:32:49.763060 #20367] DEBUG -- : REQUESTING PAGE: GET /about with {} and HTTP headers {"HTTP_REFERER"=>"/"}
D, [2014-03-16T23:32:49.768904 #20367] DEBUG -- : REQUESTING PAGE: GET /contact with {} and HTTP headers {"HTTP_REFERER"=>"/about"}
D, [2014-03-16T23:32:49.774171 #20367] DEBUG -- : REQUESTING PAGE: GET / with {} and HTTP headers {"HTTP_REFERER"=>"/contact"}
D, [2014-03-16T23:32:49.810004 #20367] DEBUG -- : REQUESTING PAGE: GET //signup_path with {} and HTTP headers {"HTTP_REFERER"=>"/"}
D, [2014-03-16T23:32:51.670001 #20368] DEBUG -- : REQUESTING PAGE: GET / with {} and HTTP headers {}
D, [2014-03-16T23:32:51.676082 #20368] DEBUG -- : REQUESTING PAGE: GET /about with {} and HTTP headers {"HTTP_REFERER"=>"/"}
D, [2014-03-16T23:32:51.682060 #20368] DEBUG -- : REQUESTING PAGE: GET /contact with {} and HTTP headers {"HTTP_REFERER"=>"/about"}
D, [2014-03-16T23:32:51.687734 #20368] DEBUG -- : REQUESTING PAGE: GET / with {} and HTTP headers {"HTTP_REFERER"=>"/contact"}
D, [2014-03-16T23:32:51.726470 #20368] DEBUG -- : REQUESTING PAGE: GET //signup_path with {} and HTTP headers {"HTTP_REFERER"=>"/"}
D, [2014-03-16T23:32:53.547131 #20369] DEBUG -- : REQUESTING PAGE: GET / with {} and HTTP headers {}
D, [2014-03-16T23:32:53.553955 #20369] DEBUG -- : REQUESTING PAGE: GET /about with {} and HTTP headers {"HTTP_REFERER"=>"/"}
D, [2014-03-16T23:32:53.560539 #20369] DEBUG -- : REQUESTING PAGE: GET /contact with {} and HTTP headers {"HTTP_REFERER"=>"/about"}
D, [2014-03-16T23:32:53.566689 #20369] DEBUG -- : REQUESTING PAGE: GET / with {} and HTTP headers {"HTTP_REFERER"=>"/contact"}
D, [2014-03-16T23:32:53.601596 #20369] DEBUG -- : REQUESTING PAGE: GET //signup_path with {} and HTTP headers {"HTTP_REFERER"=>"/"}
D, [2014-03-16T23:32:55.435256 #20370] DEBUG -- : REQUESTING PAGE: GET / with {} and HTTP headers {}
D, [2014-03-16T23:32:55.441462 #20370] DEBUG -- : REQUESTING PAGE: GET /about with {} and HTTP headers {"HTTP_REFERER"=>"/"}
D, [2014-03-16T23:32:55.448536 #20370] DEBUG -- : REQUESTING PAGE: GET /contact with {} and HTTP headers {"HTTP_REFERER"=>"/about"}
D, [2014-03-16T23:32:55.454651 #20370] DEBUG -- : REQUESTING PAGE: GET / with {} and HTTP headers {"HTTP_REFERER"=>"/contact"}
D, [2014-03-16T23:32:55.485983 #20370] DEBUG -- : REQUESTING PAGE: GET //signup_path with {} and HTTP headers {"HTTP_REFERER"=>"/"}
D, [2014-03-16T23:32:57.275805 #20373] DEBUG -- : REQUESTING PAGE: GET / with {} and HTTP headers {}
D, [2014-03-16T23:32:57.281364 #20373] DEBUG -- : REQUESTING PAGE: GET /about with {} and HTTP headers {"HTTP_REFERER"=>"/"}
D, [2014-03-16T23:32:57.287075 #20373] DEBUG -- : REQUESTING PAGE: GET /contact with {} and HTTP headers {"HTTP_REFERER"=>"/about"}
D, [2014-03-16T23:32:57.292608 #20373] DEBUG -- : REQUESTING PAGE: GET / with {} and HTTP headers {"HTTP_REFERER"=>"/contact"}
D, [2014-03-16T23:32:57.328586 #20373] DEBUG -- : REQUESTING PAGE: GET //signup_path with {} and HTTP headers {"HTTP_REFERER"=>"/"}
D, [2014-03-16T23:32:59.162523 #20374] DEBUG -- : REQUESTING PAGE: GET / with {} and HTTP headers {}
D, [2014-03-16T23:32:59.169329 #20374] DEBUG -- : REQUESTING PAGE: GET /about with {} and HTTP headers {"HTTP_REFERER"=>"/"}
D, [2014-03-16T23:32:59.174878 #20374] DEBUG -- : REQUESTING PAGE: GET /contact with {} and HTTP headers {"HTTP_REFERER"=>"/about"}
D, [2014-03-16T23:32:59.180474 #20374] DEBUG -- : REQUESTING PAGE: GET / with {} and HTTP headers {"HTTP_REFERER"=>"/contact"}
D, [2014-03-16T23:32:59.214169 #20374] DEBUG -- : REQUESTING PAGE: GET //signup_path with {} and HTTP headers {"HTTP_REFERER"=>"/"}
D, [2014-03-16T23:33:00.957339 #20376] DEBUG -- : REQUESTING PAGE: GET / with {} and HTTP headers {}
D, [2014-03-16T23:33:00.964294 #20376] DEBUG -- : REQUESTING PAGE: GET /about with {} and HTTP headers {"HTTP_REFERER"=>"/"}
D, [2014-03-16T23:33:00.970146 #20376] DEBUG -- : REQUESTING PAGE: GET /contact with {} and HTTP headers {"HTTP_REFERER"=>"/about"}
D, [2014-03-16T23:33:00.975934 #20376] DEBUG -- : REQUESTING PAGE: GET / with {} and HTTP headers {"HTTP_REFERER"=>"/contact"}
D, [2014-03-16T23:33:01.013363 #20376] DEBUG -- : REQUESTING PAGE: GET //signup_path with {} and HTTP headers {"HTTP_REFERER"=>"/"}
D, [2014-03-16T23:33:02.861420 #20377] DEBUG -- : REQUESTING PAGE: GET / with {} and HTTP headers {}
D, [2014-03-16T23:33:02.868090 #20377] DEBUG -- : REQUESTING PAGE: GET /about with {} and HTTP headers {"HTTP_REFERER"=>"/"}
D, [2014-03-16T23:33:02.874121 #20377] DEBUG -- : REQUESTING PAGE: GET /contact with {} and HTTP headers {"HTTP_REFERER"=>"/about"}
D, [2014-03-16T23:33:02.879798 #20377] DEBUG -- : REQUESTING PAGE: GET / with {} and HTTP headers {"HTTP_REFERER"=>"/contact"}
D, [2014-03-16T23:33:02.915176 #20377] DEBUG -- : REQUESTING PAGE: GET //signup_path with {} and HTTP headers {"HTTP_REFERER"=>"/"}
D, [2014-03-16T23:33:04.725685 #20380] DEBUG -- : REQUESTING PAGE: GET / with {} and HTTP headers {}
D, [2014-03-16T23:33:04.732474 #20380] DEBUG -- : REQUESTING PAGE: GET /about with {} and HTTP headers {"HTTP_REFERER"=>"/"}
D, [2014-03-16T23:33:04.740932 #20380] DEBUG -- : REQUESTING PAGE: GET /contact with {} and HTTP headers {"HTTP_REFERER"=>"/about"}
D, [2014-03-16T23:33:04.746757 #20380] DEBUG -- : REQUESTING PAGE: GET / with {} and HTTP headers {"HTTP_REFERER"=>"/contact"}
D, [2014-03-16T23:33:06.629518 #20381] DEBUG -- : REQUESTING PAGE: GET / with {} and HTTP headers {}
D, [2014-03-16T23:33:06.634958 #20381] DEBUG -- : REQUESTING PAGE: GET /about with {} and HTTP headers {"HTTP_REFERER"=>"/"}
D, [2014-03-16T23:33:06.639802 #20381] DEBUG -- : REQUESTING PAGE: GET /contact with {} and HTTP headers {"HTTP_REFERER"=>"/about"}
D, [2014-03-16T23:33:06.645358 #20381] DEBUG -- : REQUESTING PAGE: GET / with {} and HTTP headers {"HTTP_REFERER"=>"/contact"}
D, [2014-03-16T23:33:26.981532 #20388] DEBUG -- : REQUESTING PAGE: GET / with {} and HTTP headers {}
D, [2014-03-16T23:33:26.988817 #20388] DEBUG -- : REQUESTING PAGE: GET /about with {} and HTTP headers {"HTTP_REFERER"=>"/"}
D, [2014-03-16T23:33:26.998936 #20388] DEBUG -- : REQUESTING PAGE: GET /contact with {} and HTTP headers {"HTTP_REFERER"=>"/about"}
D, [2014-03-16T23:33:27.005159 #20388] DEBUG -- : REQUESTING PAGE: GET / with {} and HTTP headers {"HTTP_REFERER"=>"/contact"}
D, [2014-03-16T23:33:28.706933 #20389] DEBUG -- : REQUESTING PAGE: GET / with {} and HTTP headers {}
D, [2014-03-16T23:33:28.714048 #20389] DEBUG -- : REQUESTING PAGE: GET /about with {} and HTTP headers {"HTTP_REFERER"=>"/"}
D, [2014-03-16T23:33:28.720511 #20389] DEBUG -- : REQUESTING PAGE: GET /contact with {} and HTTP headers {"HTTP_REFERER"=>"/about"}
D, [2014-03-16T23:33:28.726628 #20389] DEBUG -- : REQUESTING PAGE: GET / with {} and HTTP headers {"HTTP_REFERER"=>"/contact"}
D, [2014-03-16T23:33:30.439767 #20392] DEBUG -- : REQUESTING PAGE: GET / with {} and HTTP headers {}
D, [2014-03-16T23:33:30.451940 #20392] DEBUG -- : REQUESTING PAGE: GET /about with {} and HTTP headers {"HTTP_REFERER"=>"/"}
D, [2014-03-16T23:33:30.459816 #20392] DEBUG -- : REQUESTING PAGE: GET /contact with {} and HTTP headers {"HTTP_REFERER"=>"/about"}
D, [2014-03-16T23:33:30.468450 #20392] DEBUG -- : REQUESTING PAGE: GET / with {} and HTTP headers {"HTTP_REFERER"=>"/contact"}
D, [2014-03-16T23:33:32.400082 #20395] DEBUG -- : REQUESTING PAGE: GET / with {} and HTTP headers {}
D, [2014-03-16T23:33:32.406807 #20395] DEBUG -- : REQUESTING PAGE: GET /about with {} and HTTP headers {"HTTP_REFERER"=>"/"}
D, [2014-03-16T23:33:32.412474 #20395] DEBUG -- : REQUESTING PAGE: GET /contact with {} and HTTP headers {"HTTP_REFERER"=>"/about"}
D, [2014-03-16T23:33:32.418887 #20395] DEBUG -- : REQUESTING PAGE: GET / with {} and HTTP headers {"HTTP_REFERER"=>"/contact"}
D, [2014-03-16T23:33:34.247993 #20398] DEBUG -- : REQUESTING PAGE: GET / with {} and HTTP headers {}
D, [2014-03-16T23:33:34.253065 #20398] DEBUG -- : REQUESTING PAGE: GET /about with {} and HTTP headers {"HTTP_REFERER"=>"/"}
D, [2014-03-16T23:33:34.258411 #20398] DEBUG -- : REQUESTING PAGE: GET /contact with {} and HTTP headers {"HTTP_REFERER"=>"/about"}
D, [2014-03-16T23:33:34.263373 #20398] DEBUG -- : REQUESTING PAGE: GET / with {} and HTTP headers {"HTTP_REFERER"=>"/contact"}
D, [2014-03-16T23:33:38.102923 #20401] DEBUG -- : REQUESTING PAGE: GET / with {} and HTTP headers {}
D, [2014-03-16T23:33:38.110099 #20401] DEBUG -- : REQUESTING PAGE: GET /about with {} and HTTP headers {"HTTP_REFERER"=>"/"}
D, [2014-03-16T23:33:38.117230 #20401] DEBUG -- : REQUESTING PAGE: GET /contact with {} and HTTP headers {"HTTP_REFERER"=>"/about"}
D, [2014-03-16T23:33:38.122725 #20401] DEBUG -- : REQUESTING PAGE: GET / with {} and HTTP headers {"HTTP_REFERER"=>"/contact"}
D, [2014-03-16T23:33:39.883993 #20402] DEBUG -- : REQUESTING PAGE: GET / with {} and HTTP headers {}
D, [2014-03-16T23:33:39.890447 #20402] DEBUG -- : REQUESTING PAGE: GET /about with {} and HTTP headers {"HTTP_REFERER"=>"/"}
D, [2014-03-16T23:33:39.898843 #20402] DEBUG -- : REQUESTING PAGE: GET /contact with {} and HTTP headers {"HTTP_REFERER"=>"/about"}
D, [2014-03-16T23:33:39.906838 #20402] DEBUG -- : REQUESTING PAGE: GET / with {} and HTTP headers {"HTTP_REFERER"=>"/contact"}
D, [2014-03-16T23:33:41.646409 #20403] DEBUG -- : REQUESTING PAGE: GET / with {} and HTTP headers {}
D, [2014-03-16T23:33:41.652976 #20403] DEBUG -- : REQUESTING PAGE: GET /about with {} and HTTP headers {"HTTP_REFERER"=>"/"}
D, [2014-03-16T23:33:41.659772 #20403] DEBUG -- : REQUESTING PAGE: GET /contact with {} and HTTP headers {"HTTP_REFERER"=>"/about"}
D, [2014-03-16T23:33:41.665820 #20403] DEBUG -- : REQUESTING PAGE: GET / with {} and HTTP headers {"HTTP_REFERER"=>"/contact"}
D, [2014-03-16T23:33:43.398536 #20404] DEBUG -- : REQUESTING PAGE: GET / with {} and HTTP headers {}
D, [2014-03-16T23:33:43.405183 #20404] DEBUG -- : REQUESTING PAGE: GET /about with {} and HTTP headers {"HTTP_REFERER"=>"/"}
D, [2014-03-16T23:33:43.412141 #20404] DEBUG -- : REQUESTING PAGE: GET /contact with {} and HTTP headers {"HTTP_REFERER"=>"/about"}
D, [2014-03-16T23:33:43.417864 #20404] DEBUG -- : REQUESTING PAGE: GET / with {} and HTTP headers {"HTTP_REFERER"=>"/contact"}
D, [2014-03-16T23:33:45.147097 #20407] DEBUG -- : REQUESTING PAGE: GET / with {} and HTTP headers {}
D, [2014-03-16T23:33:45.152514 #20407] DEBUG -- : REQUESTING PAGE: GET /about with {} and HTTP headers {"HTTP_REFERER"=>"/"}
D, [2014-03-16T23:33:45.158195 #20407] DEBUG -- : REQUESTING PAGE: GET /contact with {} and HTTP headers {"HTTP_REFERER"=>"/about"}
D, [2014-03-16T23:33:45.163668 #20407] DEBUG -- : REQUESTING PAGE: GET / with {} and HTTP headers {"HTTP_REFERER"=>"/contact"}
D, [2014-03-16T23:33:46.981830 #20408] DEBUG -- : REQUESTING PAGE: GET / with {} and HTTP headers {}
D, [2014-03-16T23:33:46.988456 #20408] DEBUG -- : REQUESTING PAGE: GET /about with {} and HTTP headers {"HTTP_REFERER"=>"/"}
D, [2014-03-16T23:33:46.994702 #20408] DEBUG -- : REQUESTING PAGE: GET /contact with {} and HTTP headers {"HTTP_REFERER"=>"/about"}
D, [2014-03-16T23:33:47.004399 #20408] DEBUG -- : REQUESTING PAGE: GET / with {} and HTTP headers {"HTTP_REFERER"=>"/contact"}
D, [2014-03-16T23:33:48.843393 #20411] DEBUG -- : REQUESTING PAGE: GET / with {} and HTTP headers {}
D, [2014-03-16T23:33:48.848915 #20411] DEBUG -- : REQUESTING PAGE: GET /about with {} and HTTP headers {"HTTP_REFERER"=>"/"}
D, [2014-03-16T23:33:48.854441 #20411] DEBUG -- : REQUESTING PAGE: GET /contact with {} and HTTP headers {"HTTP_REFERER"=>"/about"}
D, [2014-03-16T23:33:48.859826 #20411] DEBUG -- : REQUESTING PAGE: GET / with {} and HTTP headers {"HTTP_REFERER"=>"/contact"}
D, [2014-03-16T23:33:50.643206 #20414] DEBUG -- : REQUESTING PAGE: GET / with {} and HTTP headers {}
D, [2014-03-16T23:33:50.648213 #20414] DEBUG -- : REQUESTING PAGE: GET /about with {} and HTTP headers {"HTTP_REFERER"=>"/"}
D, [2014-03-16T23:33:50.654537 #20414] DEBUG -- : REQUESTING PAGE: GET /contact with {} and HTTP headers {"HTTP_REFERER"=>"/about"}
D, [2014-03-16T23:33:50.659753 #20414] DEBUG -- : REQUESTING PAGE: GET / with {} and HTTP headers {"HTTP_REFERER"=>"/contact"}
D, [2014-03-16T23:33:53.632565 #20417] DEBUG -- : REQUESTING PAGE: GET / with {} and HTTP headers {}
D, [2014-03-16T23:33:53.638163 #20417] DEBUG -- : REQUESTING PAGE: GET /about with {} and HTTP headers {"HTTP_REFERER"=>"/"}
D, [2014-03-16T23:33:53.644021 #20417] DEBUG -- : REQUESTING PAGE: GET /contact with {} and HTTP headers {"HTTP_REFERER"=>"/about"}
D, [2014-03-16T23:33:53.649843 #20417] DEBUG -- : REQUESTING PAGE: GET / with {} and HTTP headers {"HTTP_REFERER"=>"/contact"}
D, [2014-03-16T23:33:55.428374 #20420] DEBUG -- : REQUESTING PAGE: GET / with {} and HTTP headers {}
D, [2014-03-16T23:33:55.434615 #20420] DEBUG -- : REQUESTING PAGE: GET /about with {} and HTTP headers {"HTTP_REFERER"=>"/"}
D, [2014-03-16T23:33:55.441733 #20420] DEBUG -- : REQUESTING PAGE: GET /contact with {} and HTTP headers {"HTTP_REFERER"=>"/about"}
D, [2014-03-16T23:33:55.450769 #20420] DEBUG -- : REQUESTING PAGE: GET / with {} and HTTP headers {"HTTP_REFERER"=>"/contact"}
D, [2014-03-16T23:33:57.350642 #20423] DEBUG -- : REQUESTING PAGE: GET / with {} and HTTP headers {}
D, [2014-03-16T23:33:57.357768 #20423] DEBUG -- : REQUESTING PAGE: GET /about with {} and HTTP headers {"HTTP_REFERER"=>"/"}
D, [2014-03-16T23:33:57.364163 #20423] DEBUG -- : REQUESTING PAGE: GET /contact with {} and HTTP headers {"HTTP_REFERER"=>"/about"}
D, [2014-03-16T23:33:57.370654 #20423] DEBUG -- : REQUESTING PAGE: GET / with {} and HTTP headers {"HTTP_REFERER"=>"/contact"}
D, [2014-03-16T23:33:59.109201 #20426] DEBUG -- : REQUESTING PAGE: GET / with {} and HTTP headers {}
D, [2014-03-16T23:33:59.115353 #20426] DEBUG -- : REQUESTING PAGE: GET /about with {} and HTTP headers {"HTTP_REFERER"=>"/"}
D, [2014-03-16T23:33:59.121583 #20426] DEBUG -- : REQUESTING PAGE: GET /contact with {} and HTTP headers {"HTTP_REFERER"=>"/about"}
D, [2014-03-16T23:33:59.128735 #20426] DEBUG -- : REQUESTING PAGE: GET / with {} and HTTP headers {"HTTP_REFERER"=>"/contact"}
D, [2014-03-16T23:34:00.876715 #20427] DEBUG -- : REQUESTING PAGE: GET / with {} and HTTP headers {}
D, [2014-03-16T23:34:00.885346 #20427] DEBUG -- : REQUESTING PAGE: GET /about with {} and HTTP headers {"HTTP_REFERER"=>"/"}
D, [2014-03-16T23:34:00.892704 #20427] DEBUG -- : REQUESTING PAGE: GET /contact with {} and HTTP headers {"HTTP_REFERER"=>"/about"}
D, [2014-03-16T23:34:00.899925 #20427] DEBUG -- : REQUESTING PAGE: GET / with {} and HTTP headers {"HTTP_REFERER"=>"/contact"}
D, [2014-03-16T23:34:02.634835 #20428] DEBUG -- : REQUESTING PAGE: GET / with {} and HTTP headers {}
D, [2014-03-16T23:34:02.641111 #20428] DEBUG -- : REQUESTING PAGE: GET /about with {} and HTTP headers {"HTTP_REFERER"=>"/"}
D, [2014-03-16T23:34:02.646405 #20428] DEBUG -- : REQUESTING PAGE: GET /contact with {} and HTTP headers {"HTTP_REFERER"=>"/about"}
D, [2014-03-16T23:34:02.651631 #20428] DEBUG -- : REQUESTING PAGE: GET / with {} and HTTP headers {"HTTP_REFERER"=>"/contact"}
D, [2014-03-16T23:34:04.315595 #20429] DEBUG -- : REQUESTING PAGE: GET / with {} and HTTP headers {}
D, [2014-03-16T23:34:04.321024 #20429] DEBUG -- : REQUESTING PAGE: GET /about with {} and HTTP headers {"HTTP_REFERER"=>"/"}
D, [2014-03-16T23:34:04.326452 #20429] DEBUG -- : REQUESTING PAGE: GET /contact with {} and HTTP headers {"HTTP_REFERER"=>"/about"}
D, [2014-03-16T23:34:04.331792 #20429] DEBUG -- : REQUESTING PAGE: GET / with {} and HTTP headers {"HTTP_REFERER"=>"/contact"}
D, [2014-03-16T23:34:06.053053 #20430] DEBUG -- : REQUESTING PAGE: GET / with {} and HTTP headers {}
D, [2014-03-16T23:34:06.061740 #20430] DEBUG -- : REQUESTING PAGE: GET /about with {} and HTTP headers {"HTTP_REFERER"=>"/"}
D, [2014-03-16T23:34:06.071459 #20430] DEBUG -- : REQUESTING PAGE: GET /contact with {} and HTTP headers {"HTTP_REFERER"=>"/about"}
D, [2014-03-16T23:34:06.080096 #20430] DEBUG -- : REQUESTING PAGE: GET / with {} and HTTP headers {"HTTP_REFERER"=>"/contact"}
D, [2014-03-16T23:35:11.051185 #20451] DEBUG -- : REQUESTING PAGE: GET / with {} and HTTP headers {}
D, [2014-03-16T23:35:11.057954 #20451] DEBUG -- : REQUESTING PAGE: GET /about with {} and HTTP headers {"HTTP_REFERER"=>"/"}
D, [2014-03-16T23:35:11.064394 #20451] DEBUG -- : REQUESTING PAGE: GET /contact with {} and HTTP headers {"HTTP_REFERER"=>"/about"}
D, [2014-03-16T23:35:11.069568 #20451] DEBUG -- : REQUESTING PAGE: GET / with {} and HTTP headers {"HTTP_REFERER"=>"/contact"}
D, [2014-03-16T23:35:12.618328 #20452] DEBUG -- : REQUESTING PAGE: GET / with {} and HTTP headers {}
D, [2014-03-16T23:35:12.623852 #20452] DEBUG -- : REQUESTING PAGE: GET /about with {} and HTTP headers {"HTTP_REFERER"=>"/"}
D, [2014-03-16T23:35:12.629869 #20452] DEBUG -- : REQUESTING PAGE: GET /contact with {} and HTTP headers {"HTTP_REFERER"=>"/about"}
D, [2014-03-16T23:35:12.635018 #20452] DEBUG -- : REQUESTING PAGE: GET / with {} and HTTP headers {"HTTP_REFERER"=>"/contact"}
D, [2014-03-16T23:37:13.054657 #20476] DEBUG -- : REQUESTING PAGE: GET / with {} and HTTP headers {}
D, [2014-03-16T23:37:13.061568 #20476] DEBUG -- : REQUESTING PAGE: GET /about with {} and HTTP headers {"HTTP_REFERER"=>"/"}
D, [2014-03-16T23:37:13.067225 #20476] DEBUG -- : REQUESTING PAGE: GET /contact with {} and HTTP headers {"HTTP_REFERER"=>"/about"}
D, [2014-03-16T23:37:13.072134 #20476] DEBUG -- : REQUESTING PAGE: GET / with {} and HTTP headers {"HTTP_REFERER"=>"/contact"}
D, [2014-03-16T23:46:16.554407 #20550] DEBUG -- : REQUESTING PAGE: GET / with {} and HTTP headers {}
D, [2014-03-16T23:46:16.561673 #20550] DEBUG -- : REQUESTING PAGE: GET /about with {} and HTTP headers {"HTTP_REFERER"=>"/"}
D, [2014-03-16T23:46:16.569177 #20550] DEBUG -- : REQUESTING PAGE: GET /contact with {} and HTTP headers {"HTTP_REFERER"=>"/about"}
D, [2014-03-16T23:46:16.576208 #20550] DEBUG -- : REQUESTING PAGE: GET / with {} and HTTP headers {"HTTP_REFERER"=>"/contact"}
D, [2014-03-16T23:46:16.607515 #20550] DEBUG -- : REQUESTING PAGE: GET /signup with {} and HTTP headers {"HTTP_REFERER"=>"/"}
D, [2014-03-16T23:46:27.682603 #20555] DEBUG -- : REQUESTING PAGE: GET / with {} and HTTP headers {}
D, [2014-03-16T23:46:27.687922 #20555] DEBUG -- : REQUESTING PAGE: GET /about with {} and HTTP headers {"HTTP_REFERER"=>"/"}
D, [2014-03-16T23:46:27.693611 #20555] DEBUG -- : REQUESTING PAGE: GET /contact with {} and HTTP headers {"HTTP_REFERER"=>"/about"}
D, [2014-03-16T23:46:27.698826 #20555] DEBUG -- : REQUESTING PAGE: GET / with {} and HTTP headers {"HTTP_REFERER"=>"/contact"}
D, [2014-03-16T23:46:27.729746 #20555] DEBUG -- : REQUESTING PAGE: GET /signup with {} and HTTP headers {"HTTP_REFERER"=>"/"}
D, [2014-03-16T23:46:29.445362 #20556] DEBUG -- : REQUESTING PAGE: GET / with {} and HTTP headers {}
D, [2014-03-16T23:46:29.452133 #20556] DEBUG -- : REQUESTING PAGE: GET /about with {} and HTTP headers {"HTTP_REFERER"=>"/"}
D, [2014-03-16T23:46:29.458756 #20556] DEBUG -- : REQUESTING PAGE: GET /contact with {} and HTTP headers {"HTTP_REFERER"=>"/about"}
D, [2014-03-16T23:46:29.465850 #20556] DEBUG -- : REQUESTING PAGE: GET / with {} and HTTP headers {"HTTP_REFERER"=>"/contact"}
D, [2014-03-16T23:46:29.495926 #20556] DEBUG -- : REQUESTING PAGE: GET /signup with {} and HTTP headers {"HTTP_REFERER"=>"/"}
D, [2014-03-16T23:46:31.253045 #20557] DEBUG -- : REQUESTING PAGE: GET / with {} and HTTP headers {}
D, [2014-03-16T23:46:31.260547 #20557] DEBUG -- : REQUESTING PAGE: GET /about with {} and HTTP headers {"HTTP_REFERER"=>"/"}
D, [2014-03-16T23:46:31.269300 #20557] DEBUG -- : REQUESTING PAGE: GET /contact with {} and HTTP headers {"HTTP_REFERER"=>"/about"}
D, [2014-03-16T23:46:31.276279 #20557] DEBUG -- : REQUESTING PAGE: GET / with {} and HTTP headers {"HTTP_REFERER"=>"/contact"}
D, [2014-03-16T23:46:31.308982 #20557] DEBUG -- : REQUESTING PAGE: GET /signup with {} and HTTP headers {"HTTP_REFERER"=>"/"}
D, [2014-03-16T23:46:33.084496 #20560] DEBUG -- : REQUESTING PAGE: GET / with {} and HTTP headers {}
D, [2014-03-16T23:46:33.089840 #20560] DEBUG -- : REQUESTING PAGE: GET /about with {} and HTTP headers {"HTTP_REFERER"=>"/"}
D, [2014-03-16T23:46:33.096617 #20560] DEBUG -- : REQUESTING PAGE: GET /contact with {} and HTTP headers {"HTTP_REFERER"=>"/about"}
D, [2014-03-16T23:46:33.101978 #20560] DEBUG -- : REQUESTING PAGE: GET / with {} and HTTP headers {"HTTP_REFERER"=>"/contact"}
D, [2014-03-16T23:46:33.137342 #20560] DEBUG -- : REQUESTING PAGE: GET /signup with {} and HTTP headers {"HTTP_REFERER"=>"/"}
D, [2014-03-16T23:46:34.792886 #20563] DEBUG -- : REQUESTING PAGE: GET / with {} and HTTP headers {}
D, [2014-03-16T23:46:34.799827 #20563] DEBUG -- : REQUESTING PAGE: GET /about with {} and HTTP headers {"HTTP_REFERER"=>"/"}
D, [2014-03-16T23:46:34.806274 #20563] DEBUG -- : REQUESTING PAGE: GET /contact with {} and HTTP headers {"HTTP_REFERER"=>"/about"}
D, [2014-03-16T23:46:34.811618 #20563] DEBUG -- : REQUESTING PAGE: GET / with {} and HTTP headers {"HTTP_REFERER"=>"/contact"}
D, [2014-03-16T23:46:34.844787 #20563] DEBUG -- : REQUESTING PAGE: GET /signup with {} and HTTP headers {"HTTP_REFERER"=>"/"}
D, [2014-03-16T23:46:36.569752 #20564] DEBUG -- : REQUESTING PAGE: GET / with {} and HTTP headers {}
D, [2014-03-16T23:46:36.576285 #20564] DEBUG -- : REQUESTING PAGE: GET /about with {} and HTTP headers {"HTTP_REFERER"=>"/"}
D, [2014-03-16T23:46:36.581703 #20564] DEBUG -- : REQUESTING PAGE: GET /contact with {} and HTTP headers {"HTTP_REFERER"=>"/about"}
D, [2014-03-16T23:46:36.586761 #20564] DEBUG -- : REQUESTING PAGE: GET / with {} and HTTP headers {"HTTP_REFERER"=>"/contact"}
D, [2014-03-16T23:46:36.592616 #20564] DEBUG -- : REQUESTING PAGE: GET /signup with {} and HTTP headers {"HTTP_REFERER"=>"/"}
D, [2014-03-16T23:47:28.789290 #20569] DEBUG -- : REQUESTING PAGE: GET / with {} and HTTP headers {}
D, [2014-03-16T23:47:28.794825 #20569] DEBUG -- : REQUESTING PAGE: GET /about with {} and HTTP headers {"HTTP_REFERER"=>"/"}
D, [2014-03-16T23:47:28.800770 #20569] DEBUG -- : REQUESTING PAGE: GET /contact with {} and HTTP headers {"HTTP_REFERER"=>"/about"}
D, [2014-03-16T23:47:28.806710 #20569] DEBUG -- : REQUESTING PAGE: GET / with {} and HTTP headers {"HTTP_REFERER"=>"/contact"}
D, [2014-03-16T23:47:28.841913 #20569] DEBUG -- : REQUESTING PAGE: GET /signup with {} and HTTP headers {"HTTP_REFERER"=>"/"}
D, [2014-03-16T23:48:16.082442 #20574] DEBUG -- : REQUESTING PAGE: GET / with {} and HTTP headers {}
D, [2014-03-16T23:48:16.093788 #20574] DEBUG -- : REQUESTING PAGE: GET /about with {} and HTTP headers {"HTTP_REFERER"=>"/"}
D, [2014-03-16T23:48:16.104359 #20574] DEBUG -- : REQUESTING PAGE: GET /contact with {} and HTTP headers {"HTTP_REFERER"=>"/about"}
D, [2014-03-16T23:48:16.110114 #20574] DEBUG -- : REQUESTING PAGE: GET / with {} and HTTP headers {"HTTP_REFERER"=>"/contact"}
D, [2014-03-16T23:48:16.147665 #20574] DEBUG -- : REQUESTING PAGE: GET /signup with {} and HTTP headers {"HTTP_REFERER"=>"/"}
D, [2014-03-16T23:48:24.207042 #20579] DEBUG -- : REQUESTING PAGE: GET / with {} and HTTP headers {}
D, [2014-03-16T23:48:24.213238 #20579] DEBUG -- : REQUESTING PAGE: GET /about with {} and HTTP headers {"HTTP_REFERER"=>"/"}
D, [2014-03-16T23:48:24.220710 #20579] DEBUG -- : REQUESTING PAGE: GET /contact with {} and HTTP headers {"HTTP_REFERER"=>"/about"}
D, [2014-03-16T23:48:24.225934 #20579] DEBUG -- : REQUESTING PAGE: GET / with {} and HTTP headers {"HTTP_REFERER"=>"/contact"}
D, [2014-03-16T23:48:24.257847 #20579] DEBUG -- : REQUESTING PAGE: GET /signup with {} and HTTP headers {"HTTP_REFERER"=>"/"}
D, [2014-03-16T23:48:47.636689 #20587] DEBUG -- : REQUESTING PAGE: GET / with {} and HTTP headers {}
D, [2014-03-16T23:48:47.642820 #20587] DEBUG -- : REQUESTING PAGE: GET /about with {} and HTTP headers {"HTTP_REFERER"=>"/"}
D, [2014-03-16T23:48:47.647798 #20587] DEBUG -- : REQUESTING PAGE: GET /contact with {} and HTTP headers {"HTTP_REFERER"=>"/about"}
D, [2014-03-16T23:48:47.679468 #20587] DEBUG -- : REQUESTING PAGE: GET / with {} and HTTP headers {"HTTP_REFERER"=>"/contact"}
D, [2014-03-16T23:48:47.685270 #20587] DEBUG -- : REQUESTING PAGE: GET /signup with {} and HTTP headers {"HTTP_REFERER"=>"/"}
D, [2014-03-16T23:48:49.350754 #20588] DEBUG -- : REQUESTING PAGE: GET / with {} and HTTP headers {}
D, [2014-03-16T23:48:49.357100 #20588] DEBUG -- : REQUESTING PAGE: GET /about with {} and HTTP headers {"HTTP_REFERER"=>"/"}
D, [2014-03-16T23:48:49.361822 #20588] DEBUG -- : REQUESTING PAGE: GET /contact with {} and HTTP headers {"HTTP_REFERER"=>"/about"}
D, [2014-03-16T23:48:49.397275 #20588] DEBUG -- : REQUESTING PAGE: GET / with {} and HTTP headers {"HTTP_REFERER"=>"/contact"}
D, [2014-03-16T23:48:49.403054 #20588] DEBUG -- : REQUESTING PAGE: GET /signup with {} and HTTP headers {"HTTP_REFERER"=>"/"}
D, [2014-03-16T23:48:51.126011 #20589] DEBUG -- : REQUESTING PAGE: GET / with {} and HTTP headers {}
D, [2014-03-16T23:48:51.131015 #20589] DEBUG -- : REQUESTING PAGE: GET /about with {} and HTTP headers {"HTTP_REFERER"=>"/"}
D, [2014-03-16T23:48:51.135364 #20589] DEBUG -- : REQUESTING PAGE: GET /contact with {} and HTTP headers {"HTTP_REFERER"=>"/about"}
D, [2014-03-16T23:48:51.167205 #20589] DEBUG -- : REQUESTING PAGE: GET / with {} and HTTP headers {"HTTP_REFERER"=>"/contact"}
D, [2014-03-16T23:48:51.172376 #20589] DEBUG -- : REQUESTING PAGE: GET /signup with {} and HTTP headers {"HTTP_REFERER"=>"/"}
D, [2014-03-16T23:48:52.835250 #20590] DEBUG -- : REQUESTING PAGE: GET / with {} and HTTP headers {}
D, [2014-03-16T23:48:52.840202 #20590] DEBUG -- : REQUESTING PAGE: GET /about with {} and HTTP headers {"HTTP_REFERER"=>"/"}
D, [2014-03-16T23:48:52.844639 #20590] DEBUG -- : REQUESTING PAGE: GET /contact with {} and HTTP headers {"HTTP_REFERER"=>"/about"}
D, [2014-03-16T23:48:52.879428 #20590] DEBUG -- : REQUESTING PAGE: GET / with {} and HTTP headers {"HTTP_REFERER"=>"/contact"}
D, [2014-03-16T23:48:52.885380 #20590] DEBUG -- : REQUESTING PAGE: GET /signup with {} and HTTP headers {"HTTP_REFERER"=>"/"}
D, [2014-03-16T23:48:54.545151 #20591] DEBUG -- : REQUESTING PAGE: GET / with {} and HTTP headers {}
D, [2014-03-16T23:48:54.550121 #20591] DEBUG -- : REQUESTING PAGE: GET /about with {} and HTTP headers {"HTTP_REFERER"=>"/"}
D, [2014-03-16T23:48:54.554765 #20591] DEBUG -- : REQUESTING PAGE: GET /contact with {} and HTTP headers {"HTTP_REFERER"=>"/about"}
D, [2014-03-16T23:48:54.586391 #20591] DEBUG -- : REQUESTING PAGE: GET / with {} and HTTP headers {"HTTP_REFERER"=>"/contact"}
D, [2014-03-16T23:48:54.592187 #20591] DEBUG -- : REQUESTING PAGE: GET /signup with {} and HTTP headers {"HTTP_REFERER"=>"/"}
D, [2014-03-16T23:48:56.221749 #20592] DEBUG -- : REQUESTING PAGE: GET / with {} and HTTP headers {}
D, [2014-03-16T23:48:56.226683 #20592] DEBUG -- : REQUESTING PAGE: GET /about with {} and HTTP headers {"HTTP_REFERER"=>"/"}
D, [2014-03-16T23:48:56.231018 #20592] DEBUG -- : REQUESTING PAGE: GET /contact with {} and HTTP headers {"HTTP_REFERER"=>"/about"}
D, [2014-03-16T23:48:56.261266 #20592] DEBUG -- : REQUESTING PAGE: GET / with {} and HTTP headers {"HTTP_REFERER"=>"/contact"}
D, [2014-03-16T23:48:56.266166 #20592] DEBUG -- : REQUESTING PAGE: GET /signup with {} and HTTP headers {"HTTP_REFERER"=>"/"}
D, [2014-03-16T23:48:57.954718 #20593] DEBUG -- : REQUESTING PAGE: GET / with {} and HTTP headers {}
D, [2014-03-16T23:48:57.959790 #20593] DEBUG -- : REQUESTING PAGE: GET /about with {} and HTTP headers {"HTTP_REFERER"=>"/"}
D, [2014-03-16T23:48:57.964249 #20593] DEBUG -- : REQUESTING PAGE: GET /contact with {} and HTTP headers {"HTTP_REFERER"=>"/about"}
D, [2014-03-16T23:48:57.996475 #20593] DEBUG -- : REQUESTING PAGE: GET / with {} and HTTP headers {"HTTP_REFERER"=>"/contact"}
D, [2014-03-16T23:48:58.002283 #20593] DEBUG -- : REQUESTING PAGE: GET /signup with {} and HTTP headers {"HTTP_REFERER"=>"/"}
D, [2014-03-16T23:48:59.621122 #20594] DEBUG -- : REQUESTING PAGE: GET / with {} and HTTP headers {}
D, [2014-03-16T23:48:59.626074 #20594] DEBUG -- : REQUESTING PAGE: GET /about with {} and HTTP headers {"HTTP_REFERER"=>"/"}
D, [2014-03-16T23:48:59.630418 #20594] DEBUG -- : REQUESTING PAGE: GET /contact with {} and HTTP headers {"HTTP_REFERER"=>"/about"}
D, [2014-03-16T23:48:59.660954 #20594] DEBUG -- : REQUESTING PAGE: GET / with {} and HTTP headers {"HTTP_REFERER"=>"/contact"}
D, [2014-03-16T23:48:59.666646 #20594] DEBUG -- : REQUESTING PAGE: GET /signup with {} and HTTP headers {"HTTP_REFERER"=>"/"}
D, [2014-03-16T23:49:01.361003 #20595] DEBUG -- : REQUESTING PAGE: GET / with {} and HTTP headers {}
D, [2014-03-16T23:49:01.366267 #20595] DEBUG -- : REQUESTING PAGE: GET /about with {} and HTTP headers {"HTTP_REFERER"=>"/"}
D, [2014-03-16T23:49:01.372812 #20595] DEBUG -- : REQUESTING PAGE: GET /contact with {} and HTTP headers {"HTTP_REFERER"=>"/about"}
D, [2014-03-16T23:49:01.404956 #20595] DEBUG -- : REQUESTING PAGE: GET / with {} and HTTP headers {"HTTP_REFERER"=>"/contact"}
D, [2014-03-16T23:49:01.410776 #20595] DEBUG -- : REQUESTING PAGE: GET /signup with {} and HTTP headers {"HTTP_REFERER"=>"/"}
D, [2014-03-16T23:49:03.044497 #20596] DEBUG -- : REQUESTING PAGE: GET / with {} and HTTP headers {}
D, [2014-03-16T23:49:03.049586 #20596] DEBUG -- : REQUESTING PAGE: GET /about with {} and HTTP headers {"HTTP_REFERER"=>"/"}
D, [2014-03-16T23:49:03.053877 #20596] DEBUG -- : REQUESTING PAGE: GET /contact with {} and HTTP headers {"HTTP_REFERER"=>"/about"}
D, [2014-03-16T23:49:03.084549 #20596] DEBUG -- : REQUESTING PAGE: GET / with {} and HTTP headers {"HTTP_REFERER"=>"/contact"}
D, [2014-03-16T23:49:03.089537 #20596] DEBUG -- : REQUESTING PAGE: GET /signup with {} and HTTP headers {"HTTP_REFERER"=>"/"}
D, [2014-03-16T23:49:04.715500 #20597] DEBUG -- : REQUESTING PAGE: GET / with {} and HTTP headers {}
D, [2014-03-16T23:49:04.720475 #20597] DEBUG -- : REQUESTING PAGE: GET /about with {} and HTTP headers {"HTTP_REFERER"=>"/"}
D, [2014-03-16T23:49:04.724748 #20597] DEBUG -- : REQUESTING PAGE: GET /contact with {} and HTTP headers {"HTTP_REFERER"=>"/about"}
D, [2014-03-16T23:49:04.754331 #20597] DEBUG -- : REQUESTING PAGE: GET / with {} and HTTP headers {"HTTP_REFERER"=>"/contact"}
D, [2014-03-16T23:49:04.759169 #20597] DEBUG -- : REQUESTING PAGE: GET /signup with {} and HTTP headers {"HTTP_REFERER"=>"/"}
D, [2014-03-16T23:49:06.393980 #20598] DEBUG -- : REQUESTING PAGE: GET / with {} and HTTP headers {}
D, [2014-03-16T23:49:06.399023 #20598] DEBUG -- : REQUESTING PAGE: GET /about with {} and HTTP headers {"HTTP_REFERER"=>"/"}
D, [2014-03-16T23:49:06.403480 #20598] DEBUG -- : REQUESTING PAGE: GET /contact with {} and HTTP headers {"HTTP_REFERER"=>"/about"}
D, [2014-03-16T23:49:06.439565 #20598] DEBUG -- : REQUESTING PAGE: GET / with {} and HTTP headers {"HTTP_REFERER"=>"/contact"}
D, [2014-03-16T23:49:06.444796 #20598] DEBUG -- : REQUESTING PAGE: GET /signup with {} and HTTP headers {"HTTP_REFERER"=>"/"}
D, [2014-03-16T23:49:08.121729 #20600] DEBUG -- : REQUESTING PAGE: GET / with {} and HTTP headers {}
D, [2014-03-16T23:49:08.128110 #20600] DEBUG -- : REQUESTING PAGE: GET /about with {} and HTTP headers {"HTTP_REFERER"=>"/"}
D, [2014-03-16T23:49:08.134765 #20600] DEBUG -- : REQUESTING PAGE: GET /contact with {} and HTTP headers {"HTTP_REFERER"=>"/about"}
D, [2014-03-16T23:49:08.166132 #20600] DEBUG -- : REQUESTING PAGE: GET / with {} and HTTP headers {"HTTP_REFERER"=>"/contact"}
D, [2014-03-16T23:49:08.172385 #20600] DEBUG -- : REQUESTING PAGE: GET /signup with {} and HTTP headers {"HTTP_REFERER"=>"/"}
D, [2014-03-16T23:49:09.837354 #20601] DEBUG -- : REQUESTING PAGE: GET / with {} and HTTP headers {}
D, [2014-03-16T23:49:09.842290 #20601] DEBUG -- : REQUESTING PAGE: GET /about with {} and HTTP headers {"HTTP_REFERER"=>"/"}
D, [2014-03-16T23:49:09.846734 #20601] DEBUG -- : REQUESTING PAGE: GET /contact with {} and HTTP headers {"HTTP_REFERER"=>"/about"}
D, [2014-03-16T23:49:09.880385 #20601] DEBUG -- : REQUESTING PAGE: GET / with {} and HTTP headers {"HTTP_REFERER"=>"/contact"}
D, [2014-03-16T23:49:09.886453 #20601] DEBUG -- : REQUESTING PAGE: GET /signup with {} and HTTP headers {"HTTP_REFERER"=>"/"}
D, [2014-03-16T23:49:11.531985 #20602] DEBUG -- : REQUESTING PAGE: GET / with {} and HTTP headers {}
D, [2014-03-16T23:49:11.536881 #20602] DEBUG -- : REQUESTING PAGE: GET /about with {} and HTTP headers {"HTTP_REFERER"=>"/"}
D, [2014-03-16T23:49:11.541164 #20602] DEBUG -- : REQUESTING PAGE: GET /contact with {} and HTTP headers {"HTTP_REFERER"=>"/about"}
D, [2014-03-16T23:49:11.571722 #20602] DEBUG -- : REQUESTING PAGE: GET / with {} and HTTP headers {"HTTP_REFERER"=>"/contact"}
D, [2014-03-16T23:49:11.577662 #20602] DEBUG -- : REQUESTING PAGE: GET /signup with {} and HTTP headers {"HTTP_REFERER"=>"/"}
D, [2014-03-16T23:49:13.202981 #20607] DEBUG -- : REQUESTING PAGE: GET / with {} and HTTP headers {}
D, [2014-03-16T23:49:13.207972 #20607] DEBUG -- : REQUESTING PAGE: GET /about with {} and HTTP headers {"HTTP_REFERER"=>"/"}
D, [2014-03-16T23:49:13.212390 #20607] DEBUG -- : REQUESTING PAGE: GET /contact with {} and HTTP headers {"HTTP_REFERER"=>"/about"}
D, [2014-03-16T23:49:13.243406 #20607] DEBUG -- : REQUESTING PAGE: GET / with {} and HTTP headers {"HTTP_REFERER"=>"/contact"}
D, [2014-03-16T23:49:13.248900 #20607] DEBUG -- : REQUESTING PAGE: GET /signup with {} and HTTP headers {"HTTP_REFERER"=>"/"}
D, [2014-03-16T23:49:14.955707 #20608] DEBUG -- : REQUESTING PAGE: GET / with {} and HTTP headers {}
D, [2014-03-16T23:49:14.960678 #20608] DEBUG -- : REQUESTING PAGE: GET /about with {} and HTTP headers {"HTTP_REFERER"=>"/"}
D, [2014-03-16T23:49:14.965506 #20608] DEBUG -- : REQUESTING PAGE: GET /contact with {} and HTTP headers {"HTTP_REFERER"=>"/about"}
D, [2014-03-16T23:49:14.971337 #20608] DEBUG -- : REQUESTING PAGE: GET / with {} and HTTP headers {"HTTP_REFERER"=>"/contact"}
D, [2014-03-16T23:49:14.976423 #20608] DEBUG -- : REQUESTING PAGE: GET /signup with {} and HTTP headers {"HTTP_REFERER"=>"/"}
D, [2014-03-16T23:49:18.727385 #20611] DEBUG -- : REQUESTING PAGE: GET / with {} and HTTP headers {}
D, [2014-03-16T23:49:18.732188 #20611] DEBUG -- : REQUESTING PAGE: GET /about with {} and HTTP headers {"HTTP_REFERER"=>"/"}
D, [2014-03-16T23:49:18.736703 #20611] DEBUG -- : REQUESTING PAGE: GET /contact with {} and HTTP headers {"HTTP_REFERER"=>"/about"}
D, [2014-03-16T23:49:18.768552 #20611] DEBUG -- : REQUESTING PAGE: GET / with {} and HTTP headers {"HTTP_REFERER"=>"/contact"}
D, [2014-03-16T23:49:18.773685 #20611] DEBUG -- : REQUESTING PAGE: GET /signup with {} and HTTP headers {"HTTP_REFERER"=>"/"}
D, [2014-03-16T23:49:20.459581 #20612] DEBUG -- : REQUESTING PAGE: GET / with {} and HTTP headers {}
D, [2014-03-16T23:49:20.466751 #20612] DEBUG -- : REQUESTING PAGE: GET /about with {} and HTTP headers {"HTTP_REFERER"=>"/"}
D, [2014-03-16T23:49:20.474504 #20612] DEBUG -- : REQUESTING PAGE: GET /contact with {} and HTTP headers {"HTTP_REFERER"=>"/about"}
D, [2014-03-16T23:49:20.510039 #20612] DEBUG -- : REQUESTING PAGE: GET / with {} and HTTP headers {"HTTP_REFERER"=>"/contact"}
D, [2014-03-16T23:49:20.514529 #20612] DEBUG -- : REQUESTING PAGE: GET /signup with {} and HTTP headers {"HTTP_REFERER"=>"/"}
D, [2014-03-16T23:49:22.172822 #20614] DEBUG -- : REQUESTING PAGE: GET / with {} and HTTP headers {}
D, [2014-03-16T23:49:22.178406 #20614] DEBUG -- : REQUESTING PAGE: GET /about with {} and HTTP headers {"HTTP_REFERER"=>"/"}
D, [2014-03-16T23:49:22.183182 #20614] DEBUG -- : REQUESTING PAGE: GET /contact with {} and HTTP headers {"HTTP_REFERER"=>"/about"}
D, [2014-03-16T23:49:22.217609 #20614] DEBUG -- : REQUESTING PAGE: GET / with {} and HTTP headers {"HTTP_REFERER"=>"/contact"}
D, [2014-03-16T23:49:22.221994 #20614] DEBUG -- : REQUESTING PAGE: GET /signup with {} and HTTP headers {"HTTP_REFERER"=>"/"}
D, [2014-03-16T23:49:23.892048 #20615] DEBUG -- : REQUESTING PAGE: GET / with {} and HTTP headers {}
D, [2014-03-16T23:49:23.898455 #20615] DEBUG -- : REQUESTING PAGE: GET /about with {} and HTTP headers {"HTTP_REFERER"=>"/"}
D, [2014-03-16T23:49:23.904264 #20615] DEBUG -- : REQUESTING PAGE: GET /contact with {} and HTTP headers {"HTTP_REFERER"=>"/about"}
D, [2014-03-16T23:49:23.935459 #20615] DEBUG -- : REQUESTING PAGE: GET / with {} and HTTP headers {"HTTP_REFERER"=>"/contact"}
D, [2014-03-16T23:49:23.939883 #20615] DEBUG -- : REQUESTING PAGE: GET /signup with {} and HTTP headers {"HTTP_REFERER"=>"/"}
D, [2014-03-16T23:49:25.583802 #20616] DEBUG -- : REQUESTING PAGE: GET / with {} and HTTP headers {}
D, [2014-03-16T23:49:25.590215 #20616] DEBUG -- : REQUESTING PAGE: GET /about with {} and HTTP headers {"HTTP_REFERER"=>"/"}
D, [2014-03-16T23:49:25.597002 #20616] DEBUG -- : REQUESTING PAGE: GET /contact with {} and HTTP headers {"HTTP_REFERER"=>"/about"}
D, [2014-03-16T23:49:25.626753 #20616] DEBUG -- : REQUESTING PAGE: GET / with {} and HTTP headers {"HTTP_REFERER"=>"/contact"}
D, [2014-03-16T23:49:25.631100 #20616] DEBUG -- : REQUESTING PAGE: GET /signup with {} and HTTP headers {"HTTP_REFERER"=>"/"}
D, [2014-03-16T23:49:27.274714 #20617] DEBUG -- : REQUESTING PAGE: GET / with {} and HTTP headers {}
D, [2014-03-16T23:49:27.279791 #20617] DEBUG -- : REQUESTING PAGE: GET /about with {} and HTTP headers {"HTTP_REFERER"=>"/"}
D, [2014-03-16T23:49:27.284570 #20617] DEBUG -- : REQUESTING PAGE: GET /contact with {} and HTTP headers {"HTTP_REFERER"=>"/about"}
D, [2014-03-16T23:49:27.316839 #20617] DEBUG -- : REQUESTING PAGE: GET / with {} and HTTP headers {"HTTP_REFERER"=>"/contact"}
D, [2014-03-16T23:49:27.321288 #20617] DEBUG -- : REQUESTING PAGE: GET /signup with {} and HTTP headers {"HTTP_REFERER"=>"/"}
D, [2014-03-16T23:49:28.953564 #20618] DEBUG -- : REQUESTING PAGE: GET / with {} and HTTP headers {}
D, [2014-03-16T23:49:28.961780 #20618] DEBUG -- : REQUESTING PAGE: GET /about with {} and HTTP headers {"HTTP_REFERER"=>"/"}
D, [2014-03-16T23:49:28.967255 #20618] DEBUG -- : REQUESTING PAGE: GET /contact with {} and HTTP headers {"HTTP_REFERER"=>"/about"}
D, [2014-03-16T23:49:29.000045 #20618] DEBUG -- : REQUESTING PAGE: GET / with {} and HTTP headers {"HTTP_REFERER"=>"/contact"}
D, [2014-03-16T23:49:29.004607 #20618] DEBUG -- : REQUESTING PAGE: GET /signup with {} and HTTP headers {"HTTP_REFERER"=>"/"}
D, [2014-03-16T23:49:30.677044 #20619] DEBUG -- : REQUESTING PAGE: GET / with {} and HTTP headers {}
D, [2014-03-16T23:49:30.683694 #20619] DEBUG -- : REQUESTING PAGE: GET /about with {} and HTTP headers {"HTTP_REFERER"=>"/"}
D, [2014-03-16T23:49:30.694430 #20619] DEBUG -- : REQUESTING PAGE: GET /contact with {} and HTTP headers {"HTTP_REFERER"=>"/about"}
D, [2014-03-16T23:49:30.729752 #20619] DEBUG -- : REQUESTING PAGE: GET / with {} and HTTP headers {"HTTP_REFERER"=>"/contact"}
D, [2014-03-16T23:49:30.734598 #20619] DEBUG -- : REQUESTING PAGE: GET /signup with {} and HTTP headers {"HTTP_REFERER"=>"/"}
D, [2014-03-16T23:49:32.376387 #20620] DEBUG -- : REQUESTING PAGE: GET / with {} and HTTP headers {}
D, [2014-03-16T23:49:32.382474 #20620] DEBUG -- : REQUESTING PAGE: GET /about with {} and HTTP headers {"HTTP_REFERER"=>"/"}
D, [2014-03-16T23:49:32.388205 #20620] DEBUG -- : REQUESTING PAGE: GET /contact with {} and HTTP headers {"HTTP_REFERER"=>"/about"}
D, [2014-03-16T23:49:32.422629 #20620] DEBUG -- : REQUESTING PAGE: GET / with {} and HTTP headers {"HTTP_REFERER"=>"/contact"}
D, [2014-03-16T23:49:32.427253 #20620] DEBUG -- : REQUESTING PAGE: GET /signup with {} and HTTP headers {"HTTP_REFERER"=>"/"}
D, [2014-03-16T23:49:34.071011 #20621] DEBUG -- : REQUESTING PAGE: GET / with {} and HTTP headers {}
D, [2014-03-16T23:49:34.077278 #20621] DEBUG -- : REQUESTING PAGE: GET /about with {} and HTTP headers {"HTTP_REFERER"=>"/"}
D, [2014-03-16T23:49:34.083432 #20621] DEBUG -- : REQUESTING PAGE: GET /contact with {} and HTTP headers {"HTTP_REFERER"=>"/about"}
D, [2014-03-16T23:49:34.114606 #20621] DEBUG -- : REQUESTING PAGE: GET / with {} and HTTP headers {"HTTP_REFERER"=>"/contact"}
D, [2014-03-16T23:49:34.119468 #20621] DEBUG -- : REQUESTING PAGE: GET /signup with {} and HTTP headers {"HTTP_REFERER"=>"/"}
D, [2014-03-16T23:49:35.760354 #20622] DEBUG -- : REQUESTING PAGE: GET / with {} and HTTP headers {}
D, [2014-03-16T23:49:35.766156 #20622] DEBUG -- : REQUESTING PAGE: GET /about with {} and HTTP headers {"HTTP_REFERER"=>"/"}
D, [2014-03-16T23:49:35.771524 #20622] DEBUG -- : REQUESTING PAGE: GET /contact with {} and HTTP headers {"HTTP_REFERER"=>"/about"}
D, [2014-03-16T23:49:35.806326 #20622] DEBUG -- : REQUESTING PAGE: GET / with {} and HTTP headers {"HTTP_REFERER"=>"/contact"}
D, [2014-03-16T23:49:35.812214 #20622] DEBUG -- : REQUESTING PAGE: GET /signup with {} and HTTP headers {"HTTP_REFERER"=>"/"}
D, [2014-03-16T23:49:37.447261 #20623] DEBUG -- : REQUESTING PAGE: GET / with {} and HTTP headers {}
D, [2014-03-16T23:49:37.452172 #20623] DEBUG -- : REQUESTING PAGE: GET /about with {} and HTTP headers {"HTTP_REFERER"=>"/"}
D, [2014-03-16T23:49:37.456701 #20623] DEBUG -- : REQUESTING PAGE: GET /contact with {} and HTTP headers {"HTTP_REFERER"=>"/about"}
D, [2014-03-16T23:49:37.491821 #20623] DEBUG -- : REQUESTING PAGE: GET / with {} and HTTP headers {"HTTP_REFERER"=>"/contact"}
D, [2014-03-16T23:49:37.496673 #20623] DEBUG -- : REQUESTING PAGE: GET /signup with {} and HTTP headers {"HTTP_REFERER"=>"/"}
D, [2014-03-16T23:49:39.167475 #20624] DEBUG -- : REQUESTING PAGE: GET / with {} and HTTP headers {}
D, [2014-03-16T23:49:39.173479 #20624] DEBUG -- : REQUESTING PAGE: GET /about with {} and HTTP headers {"HTTP_REFERER"=>"/"}
D, [2014-03-16T23:49:39.179640 #20624] DEBUG -- : REQUESTING PAGE: GET /contact with {} and HTTP headers {"HTTP_REFERER"=>"/about"}
D, [2014-03-16T23:49:39.211816 #20624] DEBUG -- : REQUESTING PAGE: GET / with {} and HTTP headers {"HTTP_REFERER"=>"/contact"}
D, [2014-03-16T23:49:39.218032 #20624] DEBUG -- : REQUESTING PAGE: GET /signup with {} and HTTP headers {"HTTP_REFERER"=>"/"}
D, [2014-03-16T23:49:40.926449 #20625] DEBUG -- : REQUESTING PAGE: GET / with {} and HTTP headers {}
D, [2014-03-16T23:49:40.931534 #20625] DEBUG -- : REQUESTING PAGE: GET /about with {} and HTTP headers {"HTTP_REFERER"=>"/"}
D, [2014-03-16T23:49:40.935958 #20625] DEBUG -- : REQUESTING PAGE: GET /contact with {} and HTTP headers {"HTTP_REFERER"=>"/about"}
D, [2014-03-16T23:49:40.968884 #20625] DEBUG -- : REQUESTING PAGE: GET / with {} and HTTP headers {"HTTP_REFERER"=>"/contact"}
D, [2014-03-16T23:49:40.974926 #20625] DEBUG -- : REQUESTING PAGE: GET /signup with {} and HTTP headers {"HTTP_REFERER"=>"/"}
D, [2014-03-16T23:49:42.622411 #20628] DEBUG -- : REQUESTING PAGE: GET / with {} and HTTP headers {}
D, [2014-03-16T23:49:42.627480 #20628] DEBUG -- : REQUESTING PAGE: GET /about with {} and HTTP headers {"HTTP_REFERER"=>"/"}
D, [2014-03-16T23:49:42.632347 #20628] DEBUG -- : REQUESTING PAGE: GET /contact with {} and HTTP headers {"HTTP_REFERER"=>"/about"}
D, [2014-03-16T23:49:42.667532 #20628] DEBUG -- : REQUESTING PAGE: GET / with {} and HTTP headers {"HTTP_REFERER"=>"/contact"}
D, [2014-03-16T23:49:42.672401 #20628] DEBUG -- : REQUESTING PAGE: GET /signup with {} and HTTP headers {"HTTP_REFERER"=>"/"}
D, [2014-03-16T23:49:44.421811 #20629] DEBUG -- : REQUESTING PAGE: GET / with {} and HTTP headers {}
D, [2014-03-16T23:49:44.427063 #20629] DEBUG -- : REQUESTING PAGE: GET /about with {} and HTTP headers {"HTTP_REFERER"=>"/"}
D, [2014-03-16T23:49:44.432674 #20629] DEBUG -- : REQUESTING PAGE: GET /contact with {} and HTTP headers {"HTTP_REFERER"=>"/about"}
D, [2014-03-16T23:49:44.437323 #20629] DEBUG -- : REQUESTING PAGE: GET / with {} and HTTP headers {"HTTP_REFERER"=>"/contact"}
D, [2014-03-16T23:49:44.441932 #20629] DEBUG -- : REQUESTING PAGE: GET /signup with {} and HTTP headers {"HTTP_REFERER"=>"/"}
D, [2014-03-16T23:49:48.461037 #20632] DEBUG -- : REQUESTING PAGE: GET / with {} and HTTP headers {}
D, [2014-03-16T23:49:48.467286 #20632] DEBUG -- : REQUESTING PAGE: GET /about with {} and HTTP headers {"HTTP_REFERER"=>"/"}
D, [2014-03-16T23:49:48.472432 #20632] DEBUG -- : REQUESTING PAGE: GET /contact with {} and HTTP headers {"HTTP_REFERER"=>"/about"}
D, [2014-03-16T23:49:48.502795 #20632] DEBUG -- : REQUESTING PAGE: GET / with {} and HTTP headers {"HTTP_REFERER"=>"/contact"}
D, [2014-03-16T23:49:48.507532 #20632] DEBUG -- : REQUESTING PAGE: GET /signup with {} and HTTP headers {"HTTP_REFERER"=>"/"}
D, [2014-03-16T23:52:01.205284 #20671] DEBUG -- : REQUESTING PAGE: GET / with {} and HTTP headers {}
D, [2014-03-16T23:52:01.210693 #20671] DEBUG -- : REQUESTING PAGE: GET /about with {} and HTTP headers {"HTTP_REFERER"=>"/"}
D, [2014-03-16T23:52:01.216124 #20671] DEBUG -- : REQUESTING PAGE: GET /contact with {} and HTTP headers {"HTTP_REFERER"=>"/about"}
D, [2014-03-16T23:52:01.220444 #20671] DEBUG -- : REQUESTING PAGE: GET / with {} and HTTP headers {"HTTP_REFERER"=>"/contact"}
D, [2014-03-16T23:52:01.224609 #20671] DEBUG -- : REQUESTING PAGE: GET /signup with {} and HTTP headers {"HTTP_REFERER"=>"/"}
D, [2014-03-16T23:55:34.873528 #20712] DEBUG -- : REQUESTING PAGE: GET / with {} and HTTP headers {}
D, [2014-03-16T23:55:34.878483 #20712] DEBUG -- : REQUESTING PAGE: GET /about with {} and HTTP headers {"HTTP_REFERER"=>"/"}
D, [2014-03-16T23:55:34.884211 #20712] DEBUG -- : REQUESTING PAGE: GET /contact with {} and HTTP headers {"HTTP_REFERER"=>"/about"}
D, [2014-03-16T23:55:34.889840 #20712] DEBUG -- : REQUESTING PAGE: GET / with {} and HTTP headers {"HTTP_REFERER"=>"/contact"}
D, [2014-03-16T23:55:34.895120 #20712] DEBUG -- : REQUESTING PAGE: GET /signup with {} and HTTP headers {"HTTP_REFERER"=>"/"}
D, [2014-03-16T23:55:36.556067 #20716] DEBUG -- : REQUESTING PAGE: GET / with {} and HTTP headers {}
D, [2014-03-16T23:55:36.560832 #20716] DEBUG -- : REQUESTING PAGE: GET /about with {} and HTTP headers {"HTTP_REFERER"=>"/"}
D, [2014-03-16T23:55:36.565202 #20716] DEBUG -- : REQUESTING PAGE: GET /contact with {} and HTTP headers {"HTTP_REFERER"=>"/about"}
D, [2014-03-16T23:55:36.569519 #20716] DEBUG -- : REQUESTING PAGE: GET / with {} and HTTP headers {"HTTP_REFERER"=>"/contact"}
D, [2014-03-16T23:55:36.574047 #20716] DEBUG -- : REQUESTING PAGE: GET /signup with {} and HTTP headers {"HTTP_REFERER"=>"/"}
D, [2014-03-17T00:15:55.544889 #21072] DEBUG -- : REQUESTING PAGE: GET / with {} and HTTP headers {}
D, [2014-03-17T00:15:55.551725 #21072] DEBUG -- : REQUESTING PAGE: GET /about with {} and HTTP headers {"HTTP_REFERER"=>"/"}
D, [2014-03-17T00:15:55.557776 #21072] DEBUG -- : REQUESTING PAGE: GET /contact with {} and HTTP headers {"HTTP_REFERER"=>"/about"}
D, [2014-03-17T00:15:55.564052 #21072] DEBUG -- : REQUESTING PAGE: GET / with {} and HTTP headers {"HTTP_REFERER"=>"/contact"}
D, [2014-03-17T00:15:55.569214 #21072] DEBUG -- : REQUESTING PAGE: GET /signup with {} and HTTP headers {"HTTP_REFERER"=>"/"}
